<?xml version="1.0" encoding="UTF-8" ?>
<testsuite failures="0" time="0.053" errors="0" skipped="0" tests="9" name="boss.nocommons.date.NorwegianDateUtilTest">
  <properties>
[...]
</properties>
  <testcase time="0.009" classname="boss.nocommons.date.NorwegianDateUtilTest" name="testAdd2DaysWithinSameWeek"/>
  <testcase time="0.002" classname="boss.nocommons.date.NorwegianDateUtilTest" name="testAdd2DaysToLastDayOfMonth"/>
  <testcase time="0.003" classname="boss.nocommons.date.NorwegianDateUtilTest" name="testAdd5DaysWithNoHolidays"/>
  <testcase time="0.003" classname="boss.nocommons.date.NorwegianDateUtilTest" name="testAdd5DaysBeforeEasterHoliday"/>
  <testcase time="0.003" classname="boss.nocommons.date.NorwegianDateUtilTest" name="testAdd5DaysBeforeNationalDay"/>
  <testcase time="0.004" classname="boss.nocommons.date.NorwegianDateUtilTest" name="testAdd5DaysBeforeChristmas"/>
  <testcase time="0.001" classname="boss.nocommons.date.NorwegianDateUtilTest" name="testWorkingDays"/>
  <testcase time="0.008" classname="boss.nocommons.date.NorwegianDateUtilTest" name="testVariousNorwegianHolidays"/>
  <testcase time="0.001" classname="boss.nocommons.date.NorwegianDateUtilTest" name="testGetAllNorwegianHolidaysForYear"/>
</testsuite>